# JRE version: OpenJDK Runtime Environment (8.0_202) (build 1.8.0_202-release-1483-b49-5587405)
# Java VM: OpenJDK 64-Bit Server VM (25.202-b49-5587405 mixed mode linux-amd64 compressed oops)
Heap:
 PSYoungGen      total 415232K, used 375387K [0x00000000e0000000, 0x00000000fdb80000, 0x0000000100000000)
  eden space 357376K, 100% used [0x00000000e0000000,0x00000000f5d00000,0x00000000f5d00000)
  from space 57856K, 31% used [0x00000000f9280000,0x00000000fa416c88,0x00000000fcb00000)
  to   space 54784K, 32% used [0x00000000f5d00000,0x00000000f6e38080,0x00000000f9280000)
 ParOldGen       total 522752K, used 374593K [0x00000000a0000000, 0x00000000bfe80000, 0x00000000e0000000)
  object space 522752K, 71% used [0x00000000a0000000,0x00000000b6dd0598,0x00000000bfe80000)
 Metaspace       used 254089K, capacity 272870K, committed 273112K, reserved 1286144K
  class space    used 32299K, capacity 35742K, committed 35840K, reserved 1048576K
GC Heap History (10 events):
Event: 17316.767 GC heap after
Heap after GC invocations=276 (full 14):
 PSYoungGen      total 433664K, used 39088K [0x00000000e0000000, 0x00000000fe680000, 0x0000000100000000)
  eden space 376320K, 0% used [0x00000000e0000000,0x00000000e0000000,0x00000000f6f80000)
  from space 57344K, 68% used [0x00000000fab00000,0x00000000fd12c2e0,0x00000000fe300000)
  to   space 60928K, 0% used [0x00000000f6f80000,0x00000000f6f80000,0x00000000fab00000)
 ParOldGen       total 522752K, used 374305K [0x00000000a0000000, 0x00000000bfe80000, 0x00000000e0000000)
  object space 522752K, 71% used [0x00000000a0000000,0x00000000b6d88598,0x00000000bfe80000)
 Metaspace       used 253894K, capacity 272692K, committed 272728K, reserved 1286144K
  class space    used 32294K, capacity 35707K, committed 35712K, reserved 1048576K
}
Event: 17432.767 GC heap before
{Heap before GC invocations=277 (full 14):
 PSYoungGen      total 433664K, used 415408K [0x00000000e0000000, 0x00000000fe680000, 0x0000000100000000)
  eden space 376320K, 100% used [0x00000000e0000000,0x00000000f6f80000,0x00000000f6f80000)
  from space 57344K, 68% used [0x00000000fab00000,0x00000000fd12c2e0,0x00000000fe300000)
  to   space 60928K, 0% used [0x00000000f6f80000,0x00000000f6f80000,0x00000000fab00000)
 ParOldGen       total 522752K, used 374305K [0x00000000a0000000, 0x00000000bfe80000, 0x00000000e0000000)
  object space 522752K, 71% used [0x00000000a0000000,0x00000000b6d88598,0x00000000bfe80000)
 Metaspace       used 253916K, capacity 272692K, committed 272728K, reserved 1286144K
  class space    used 32294K, capacity 35707K, committed 35712K, reserved 1048576K
Event: 17432.814 GC heap after
Heap after GC invocations=277 (full 14):
 PSYoungGen      total 437248K, used 35793K [0x00000000e0000000, 0x00000000fff00000, 0x0000000100000000)
  eden space 376320K, 0% used [0x00000000e0000000,0x00000000e0000000,0x00000000f6f80000)
  from space 60928K, 58% used [0x00000000f6f80000,0x00000000f9274408,0x00000000fab00000)
  to   space 61952K, 0% used [0x00000000fc280000,0x00000000fc280000,0x00000000fff00000)
 ParOldGen       total 522752K, used 374305K [0x00000000a0000000, 0x00000000bfe80000, 0x00000000e0000000)
  object space 522752K, 71% used [0x00000000a0000000,0x00000000b6d88598,0x00000000bfe80000)
 Metaspace       used 253916K, capacity 272692K, committed 272728K, reserved 1286144K
  class space    used 32294K, capacity 35707K, committed 35712K, reserved 1048576K
}
Event: 17472.243 GC heap before
{Heap before GC invocations=278 (full 14):
 PSYoungGen      total 437248K, used 412113K [0x00000000e0000000, 0x00000000fff00000, 0x0000000100000000)
  eden space 376320K, 100% used [0x00000000e0000000,0x00000000f6f80000,0x00000000f6f80000)
  from space 60928K, 58% used [0x00000000f6f80000,0x00000000f9274408,0x00000000fab00000)
  to   space 61952K, 0% used [0x00000000fc280000,0x00000000fc280000,0x00000000fff00000)
 ParOldGen       total 522752K, used 374305K [0x00000000a0000000, 0x00000000bfe80000, 0x00000000e0000000)
  object space 522752K, 71% used [0x00000000a0000000,0x00000000b6d88598,0x00000000bfe80000)
 Metaspace       used 253943K, capacity 272692K, committed 272728K, reserved 1286144K
  class space    used 32294K, capacity 35707K, committed 35712K, reserved 1048576K
Event: 17472.257 GC heap after
Heap after GC invocations=278 (full 14):
 PSYoungGen      total 388608K, used 12960K [0x00000000e0000000, 0x00000000fd980000, 0x0000000100000000)
  eden space 365056K, 0% used [0x00000000e0000000,0x00000000e0000000,0x00000000f6480000)
  from space 23552K, 55% used [0x00000000fc280000,0x00000000fcf28290,0x00000000fd980000)
  to   space 59904K, 0% used [0x00000000f6480000,0x00000000f6480000,0x00000000f9f00000)
 ParOldGen       total 522752K, used 374305K [0x00000000a0000000, 0x00000000bfe80000, 0x00000000e0000000)
  object space 522752K, 71% used [0x00000000a0000000,0x00000000b6d88598,0x00000000bfe80000)
 Metaspace       used 253943K, capacity 272692K, committed 272728K, reserved 1286144K
  class space    used 32294K, capacity 35707K, committed 35712K, reserved 1048576K
}
Event: 17526.206 GC heap before
{Heap before GC invocations=279 (full 14):
 PSYoungGen      total 388608K, used 378016K [0x00000000e0000000, 0x00000000fd980000, 0x0000000100000000)
  eden space 365056K, 100% used [0x00000000e0000000,0x00000000f6480000,0x00000000f6480000)
  from space 23552K, 55% used [0x00000000fc280000,0x00000000fcf28290,0x00000000fd980000)
  to   space 59904K, 0% used [0x00000000f6480000,0x00000000f6480000,0x00000000f9f00000)
 ParOldGen       total 522752K, used 374305K [0x00000000a0000000, 0x00000000bfe80000, 0x00000000e0000000)
  object space 522752K, 71% used [0x00000000a0000000,0x00000000b6d88598,0x00000000bfe80000)
 Metaspace       used 253977K, capacity 272692K, committed 272728K, reserved 1286144K
  class space    used 32294K, capacity 35707K, committed 35712K, reserved 1048576K
Event: 17526.218 GC heap after
Heap after GC invocations=279 (full 14):
 PSYoungGen      total 366592K, used 11984K [0x00000000e0000000, 0x00000000fcb00000, 0x0000000100000000)
  eden space 354304K, 0% used [0x00000000e0000000,0x00000000e0000000,0x00000000f5a00000)
  from space 12288K, 97% used [0x00000000f6480000,0x00000000f7034050,0x00000000f7080000)
  to   space 57856K, 0% used [0x00000000f9280000,0x00000000f9280000,0x00000000fcb00000)
 ParOldGen       total 522752K, used 374313K [0x00000000a0000000, 0x00000000bfe80000, 0x00000000e0000000)
  object space 522752K, 71% used [0x00000000a0000000,0x00000000b6d8a598,0x00000000bfe80000)
 Metaspace       used 253977K, capacity 272692K, committed 272728K, reserved 1286144K
  class space    used 32294K, capacity 35707K, committed 35712K, reserved 1048576K
}
Event: 17528.081 GC heap before
{Heap before GC invocations=280 (full 14):
 PSYoungGen      total 366592K, used 366251K [0x00000000e0000000, 0x00000000fcb00000, 0x0000000100000000)
  eden space 354304K, 99% used [0x00000000e0000000,0x00000000f59f6d78,0x00000000f5a00000)
  from space 12288K, 97% used [0x00000000f6480000,0x00000000f7034050,0x00000000f7080000)
  to   space 57856K, 0% used [0x00000000f9280000,0x00000000f9280000,0x00000000fcb00000)
 ParOldGen       total 522752K, used 374313K [0x00000000a0000000, 0x00000000bfe80000, 0x00000000e0000000)
  object space 522752K, 71% used [0x00000000a0000000,0x00000000b6d8a598,0x00000000bfe80000)
 Metaspace       used 253981K, capacity 272692K, committed 272728K, reserved 1286144K
  class space    used 32294K, capacity 35707K, committed 35712K, reserved 1048576K
Event: 17528.096 GC heap after
Heap after GC invocations=280 (full 14):
 PSYoungGen      total 415232K, used 18011K [0x00000000e0000000, 0x00000000fdb80000, 0x0000000100000000)
  eden space 357376K, 0% used [0x00000000e0000000,0x00000000e0000000,0x00000000f5d00000)
  from space 57856K, 31% used [0x00000000f9280000,0x00000000fa416c88,0x00000000fcb00000)
  to   space 54784K, 0% used [0x00000000f5d00000,0x00000000f5d00000,0x00000000f9280000)
 ParOldGen       total 522752K, used 374433K [0x00000000a0000000, 0x00000000bfe80000, 0x00000000e0000000)
  object space 522752K, 71% used [0x00000000a0000000,0x00000000b6da8598,0x00000000bfe80000)
 Metaspace       used 253981K, capacity 272692K, committed 272728K, reserved 1286144K
  class space    used 32294K, capacity 35707K, committed 35712K, reserved 1048576K
}
Event: 17735.556 GC heap before
{Heap before GC invocations=281 (full 14):
 PSYoungGen      total 415232K, used 375387K [0x00000000e0000000, 0x00000000fdb80000, 0x0000000100000000)
  eden space 357376K, 100% used [0x00000000e0000000,0x00000000f5d00000,0x00000000f5d00000)
  from space 57856K, 31% used [0x00000000f9280000,0x00000000fa416c88,0x00000000fcb00000)
  to   space 54784K, 0% used [0x00000000f5d00000,0x00000000f5d00000,0x00000000f9280000)
 ParOldGen       total 522752K, used 374433K [0x00000000a0000000, 0x00000000bfe80000, 0x00000000e0000000)
  object space 522752K, 71% used [0x00000000a0000000,0x00000000b6da8598,0x00000000bfe80000)
 Metaspace       used 254089K, capacity 272870K, committed 273112K, reserved 1286144K
  class space    used 32299K, capacity 35742K, committed 35840K, reserved 1048576K

